#-----------------------------------------------------------
# Webtalk v2016.4 (64-bit)
# SW Build 1756540 on Mon Jan 23 19:11:23 MST 2017
# 
# Start of session at: Tue Jun 11 19:22:43 2019
# Process ID: 9080
# Current directory: C:/Users/umram-bt/Documents/rdf0195-vc707-bist-c-2015-1/vc707_bist/vc707_bist.sdk/webtalk
# Command line: wbtcv.exe -mode batch -source sdk_webtalk.tcl
# Log file: C:/Users/umram-bt/Documents/rdf0195-vc707-bist-c-2015-1/vc707_bist/vc707_bist.sdk/webtalk/webtalk.log
# Journal file: C:/Users/umram-bt/Documents/rdf0195-vc707-bist-c-2015-1/vc707_bist/vc707_bist.sdk/webtalk\webtalk.jou
#-----------------------------------------------------------
source sdk_webtalk.tcl
# webtalk_init -webtalk_dir C:\\Users\\umram-bt\\Documents\\rdf0195-vc707-bist-c-2015-1\\vc707_bist\\vc707_bist.sdk\\webtalk
# webtalk_register_client -client project
# webtalk_add_data -client project -key date_generated -value "2019-06-11 19:22:38" -context "software_version_and_target_device"
# webtalk_add_data -client project -key product_version -value "SDK v2016.4" -context "software_version_and_target_device"
# webtalk_add_data -client project -key build_version -value "2016.4" -context "software_version_and_target_device"
# webtalk_add_data -client project -key os_platform -value "amd64" -context "software_version_and_target_device"
# webtalk_add_data -client project -key registration_id -value "177889390_1777515653_210625561_343" -context "software_version_and_target_device"
# webtalk_add_data -client project -key tool_flow -value "SDK" -context "software_version_and_target_device"
# webtalk_add_data -client project -key beta -value "false" -context "software_version_and_target_device"
# webtalk_add_data -client project -key route_design -value "NA" -context "software_version_and_target_device"
# webtalk_add_data -client project -key target_family -value "NA" -context "software_version_and_target_device"
# webtalk_add_data -client project -key target_device -value "NA" -context "software_version_and_target_device"
# webtalk_add_data -client project -key target_package -value "NA" -context "software_version_and_target_device"
# webtalk_add_data -client project -key target_speed -value "NA" -context "software_version_and_target_device"
# webtalk_add_data -client project -key random_id -value "sin97mn98qpkurt70n2d555igj" -context "software_version_and_target_device"
# webtalk_add_data -client project -key project_id -value "2016.4_2" -context "software_version_and_target_device"
# webtalk_add_data -client project -key project_iteration -value "2" -context "software_version_and_target_device"
# webtalk_add_data -client project -key os_name -value "Microsoft Windows 8 or later , 64-bit" -context "user_environment"
# webtalk_add_data -client project -key os_release -value "major release  (build 9200)" -context "user_environment"
# webtalk_add_data -client project -key cpu_name -value "Intel(R) Core(TM) i3 CPU         540  @ 3.07GHz" -context "user_environment"
# webtalk_add_data -client project -key cpu_speed -value "3076 MHz" -context "user_environment"
# webtalk_add_data -client project -key total_processors -value "1" -context "user_environment"
# webtalk_add_data -client project -key system_ram -value "4.000 GB" -context "user_environment"
# webtalk_register_client -client sdk
# webtalk_add_data -client sdk -key uid -value "1560269835114" -context "sdk\\\\hardware/1560269835114"
# webtalk_add_data -client sdk -key isZynq -value "false" -context "sdk\\\\hardware/1560269835114"
# webtalk_add_data -client sdk -key isZynqMP -value "false" -context "sdk\\\\hardware/1560269835114"
# webtalk_add_data -client sdk -key Processors -value "1" -context "sdk\\\\hardware/1560269835114"
# webtalk_add_data -client sdk -key VivadoVersion -value "2015.1" -context "sdk\\\\hardware/1560269835114"
# webtalk_add_data -client sdk -key Arch -value "virtex7" -context "sdk\\\\hardware/1560269835114"
# webtalk_add_data -client sdk -key Device -value "7vx485t" -context "sdk\\\\hardware/1560269835114"
# webtalk_add_data -client sdk -key IsHandoff -value "true" -context "sdk\\\\hardware/1560269835114"
# webtalk_add_data -client sdk -key os -value "NA" -context "sdk\\\\hardware/1560269835114"
# webtalk_add_data -client sdk -key apptemplate -value "NA" -context "sdk\\\\hardware/1560269835114"
# webtalk_add_data -client sdk -key RecordType -value "HWCreation" -context "sdk\\\\hardware/1560269835114"
# webtalk_add_data -client sdk -key uid -value "NA" -context "sdk\\\\bsp/1560270157275"
# webtalk_add_data -client sdk -key RecordType -value "ToolUsage" -context "sdk\\\\bsp/1560270157275"
# webtalk_add_data -client sdk -key BootgenCount -value "0" -context "sdk\\\\bsp/1560270157275"
# webtalk_add_data -client sdk -key DebugCount -value "0" -context "sdk\\\\bsp/1560270157275"
# webtalk_add_data -client sdk -key PerfCount -value "0" -context "sdk\\\\bsp/1560270157275"
# webtalk_add_data -client sdk -key FlashCount -value "0" -context "sdk\\\\bsp/1560270157275"
# webtalk_add_data -client sdk -key CrossTriggCount -value "0" -context "sdk\\\\bsp/1560270157275"
# webtalk_add_data -client sdk -key QemuDebugCount -value "0" -context "sdk\\\\bsp/1560270157275"
# webtalk_transmit -clientid 2529365763 -regid "177889390_1777515653_210625561_343" -xml C:\\Users\\umram-bt\\Documents\\rdf0195-vc707-bist-c-2015-1\\vc707_bist\\vc707_bist.sdk\\webtalk\\usage_statistics_ext_sdk.xml -html C:\\Users\\umram-bt\\Documents\\rdf0195-vc707-bist-c-2015-1\\vc707_bist\\vc707_bist.sdk\\webtalk\\usage_statistics_ext_sdk.html -wdm C:\\Users\\umram-bt\\Documents\\rdf0195-vc707-bist-c-2015-1\\vc707_bist\\vc707_bist.sdk\\webtalk\\sdk_webtalk.wdm -intro "<H3>SDK Usage Report</H3><BR>"
INFO: [Common 17-186] 'C:\Users\umram-bt\Documents\rdf0195-vc707-bist-c-2015-1\vc707_bist\vc707_bist.sdk\webtalk\usage_statistics_ext_sdk.xml' has been successfully sent to Xilinx on Tue Jun 11 19:22:56 2019. For additional details about this file, please refer to the WebTalk help file at C:/Xilinx/SDK/2016.4/doc/webtalk_introduction.html.
webtalk_transmit: Time (s): cpu = 00:00:00 ; elapsed = 00:00:05 . Memory (MB): peak = 49.168 ; gain = 0.023
# webtalk_terminate
INFO: [Common 17-206] Exiting Webtalk at Tue Jun 11 19:22:56 2019...
