#-----------------------------------------------------------
# Webtalk v2016.4 (64-bit)
# SW Build 1756540 on Mon Jan 23 19:11:23 MST 2017
# 
# Start of session at: Wed Jun 19 15:06:47 2019
# Process ID: 7740
# Current directory: C:/Users/umram-bt/Documents/rdf0195-vc707-bist-c-2015-1/vc707_bist/vc707_bist.sdk/webtalk
# Command line: wbtcv.exe -mode batch -source sdk_webtalk.tcl
# Log file: C:/Users/umram-bt/Documents/rdf0195-vc707-bist-c-2015-1/vc707_bist/vc707_bist.sdk/webtalk/webtalk.log
# Journal file: C:/Users/umram-bt/Documents/rdf0195-vc707-bist-c-2015-1/vc707_bist/vc707_bist.sdk/webtalk\webtalk.jou
#-----------------------------------------------------------
source sdk_webtalk.tcl
# webtalk_init -webtalk_dir C:\\Users\\umram-bt\\Documents\\rdf0195-vc707-bist-c-2015-1\\vc707_bist\\vc707_bist.sdk\\webtalk
# webtalk_register_client -client project
# webtalk_add_data -client project -key date_generated -value "2019-06-19 15:06:46" -context "software_version_and_target_device"
# webtalk_add_data -client project -key product_version -value "SDK v2016.4" -context "software_version_and_target_device"
# webtalk_add_data -client project -key build_version -value "2016.4" -context "software_version_and_target_device"
# webtalk_add_data -client project -key os_platform -value "amd64" -context "software_version_and_target_device"
# webtalk_add_data -client project -key registration_id -value "" -context "software_version_and_target_device"
# webtalk_add_data -client project -key tool_flow -value "SDK" -context "software_version_and_target_device"
# webtalk_add_data -client project -key beta -value "false" -context "software_version_and_target_device"
# webtalk_add_data -client project -key route_design -value "NA" -context "software_version_and_target_device"
# webtalk_add_data -client project -key target_family -value "NA" -context "software_version_and_target_device"
# webtalk_add_data -client project -key target_device -value "NA" -context "software_version_and_target_device"
# webtalk_add_data -client project -key target_package -value "NA" -context "software_version_and_target_device"
# webtalk_add_data -client project -key target_speed -value "NA" -context "software_version_and_target_device"
# webtalk_add_data -client project -key random_id -value "tafvvi44ito0c78cc92oa2b1ks" -context "software_version_and_target_device"
# webtalk_add_data -client project -key project_id -value "2016.4_15" -context "software_version_and_target_device"
# webtalk_add_data -client project -key project_iteration -value "15" -context "software_version_and_target_device"
# webtalk_add_data -client project -key os_name -value "Microsoft Windows 8 or later , 64-bit" -context "user_environment"
# webtalk_add_data -client project -key os_release -value "major release  (build 9200)" -context "user_environment"
# webtalk_add_data -client project -key cpu_name -value "Intel(R) Core(TM) i3 CPU         540  @ 3.07GHz" -context "user_environment"
# webtalk_add_data -client project -key cpu_speed -value "3076 MHz" -context "user_environment"
# webtalk_add_data -client project -key total_processors -value "1" -context "user_environment"
# webtalk_add_data -client project -key system_ram -value "4.000 GB" -context "user_environment"
# webtalk_register_client -client sdk
# webtalk_add_data -client sdk -key uid -value "1560935438723" -context "sdk\\\\bsp/1560935438723"
# webtalk_add_data -client sdk -key hwid -value "1429732957227" -context "sdk\\\\bsp/1560935438723"
# webtalk_add_data -client sdk -key os -value "standalone" -context "sdk\\\\bsp/1560935438723"
# webtalk_add_data -client sdk -key apptemplate -value "lwip_echo_server" -context "sdk\\\\bsp/1560935438723"
# webtalk_add_data -client sdk -key RecordType -value "BSPCreation" -context "sdk\\\\bsp/1560935438723"
# webtalk_add_data -client sdk -key uid -value "1560935456770" -context "sdk\\\\application/1560935456770"
# webtalk_add_data -client sdk -key hwid -value "1429732957227" -context "sdk\\\\application/1560935456770"
# webtalk_add_data -client sdk -key bspid -value "1560935438723" -context "sdk\\\\application/1560935456770"
# webtalk_add_data -client sdk -key newbsp -value "true" -context "sdk\\\\application/1560935456770"
# webtalk_add_data -client sdk -key os -value "standalone" -context "sdk\\\\application/1560935456770"
# webtalk_add_data -client sdk -key apptemplate -value "lwip_echo_server" -context "sdk\\\\application/1560935456770"
# webtalk_add_data -client sdk -key RecordType -value "APPCreation" -context "sdk\\\\application/1560935456770"
# webtalk_add_data -client sdk -key LangUsed -value "C" -context "sdk\\\\application/1560935456770"
# webtalk_add_data -client sdk -key Procused -value "microblaze" -context "sdk\\\\application/1560935456770"
# webtalk_add_data -client sdk -key projSize -value "647.3974609375" -context "sdk\\\\application/1560935456770"
# webtalk_add_data -client sdk -key uid -value "1560936471854" -context "sdk\\\\bsp/1560936471854"
# webtalk_add_data -client sdk -key hwid -value "1429732957227" -context "sdk\\\\bsp/1560936471854"
# webtalk_add_data -client sdk -key os -value "standalone" -context "sdk\\\\bsp/1560936471854"
# webtalk_add_data -client sdk -key apptemplate -value "memory_tests" -context "sdk\\\\bsp/1560936471854"
# webtalk_add_data -client sdk -key RecordType -value "BSPCreation" -context "sdk\\\\bsp/1560936471854"
# webtalk_add_data -client sdk -key uid -value "1560936474884" -context "sdk\\\\application/1560936474884"
# webtalk_add_data -client sdk -key hwid -value "1429732957227" -context "sdk\\\\application/1560936474884"
# webtalk_add_data -client sdk -key bspid -value "1560936471854" -context "sdk\\\\application/1560936474884"
# webtalk_add_data -client sdk -key newbsp -value "true" -context "sdk\\\\application/1560936474884"
# webtalk_add_data -client sdk -key os -value "standalone" -context "sdk\\\\application/1560936474884"
# webtalk_add_data -client sdk -key apptemplate -value "memory_tests" -context "sdk\\\\application/1560936474884"
# webtalk_add_data -client sdk -key RecordType -value "APPCreation" -context "sdk\\\\application/1560936474884"
# webtalk_add_data -client sdk -key LangUsed -value "C" -context "sdk\\\\application/1560936474884"
# webtalk_add_data -client sdk -key Procused -value "microblaze" -context "sdk\\\\application/1560936474884"
# webtalk_add_data -client sdk -key uid -value "NA" -context "sdk\\\\bsp/1560946005857"
# webtalk_add_data -client sdk -key RecordType -value "ToolUsage" -context "sdk\\\\bsp/1560946005857"
# webtalk_add_data -client sdk -key BootgenCount -value "0" -context "sdk\\\\bsp/1560946005857"
# webtalk_add_data -client sdk -key DebugCount -value "38" -context "sdk\\\\bsp/1560946005857"
# webtalk_add_data -client sdk -key PerfCount -value "0" -context "sdk\\\\bsp/1560946005857"
# webtalk_add_data -client sdk -key FlashCount -value "0" -context "sdk\\\\bsp/1560946005857"
# webtalk_add_data -client sdk -key CrossTriggCount -value "0" -context "sdk\\\\bsp/1560946005857"
# webtalk_add_data -client sdk -key QemuDebugCount -value "0" -context "sdk\\\\bsp/1560946005857"
# webtalk_transmit -clientid 1170531411 -regid "" -xml C:\\Users\\umram-bt\\Documents\\rdf0195-vc707-bist-c-2015-1\\vc707_bist\\vc707_bist.sdk\\webtalk\\usage_statistics_ext_sdk.xml -html C:\\Users\\umram-bt\\Documents\\rdf0195-vc707-bist-c-2015-1\\vc707_bist\\vc707_bist.sdk\\webtalk\\usage_statistics_ext_sdk.html -wdm C:\\Users\\umram-bt\\Documents\\rdf0195-vc707-bist-c-2015-1\\vc707_bist\\vc707_bist.sdk\\webtalk\\sdk_webtalk.wdm -intro "<H3>SDK Usage Report</H3><BR>"
INFO: [Common 17-186] 'C:\Users\umram-bt\Documents\rdf0195-vc707-bist-c-2015-1\vc707_bist\vc707_bist.sdk\webtalk\usage_statistics_ext_sdk.xml' has been successfully sent to Xilinx on Wed Jun 19 15:07:01 2019. For additional details about this file, please refer to the WebTalk help file at C:/Xilinx/SDK/2016.4/doc/webtalk_introduction.html.
webtalk_transmit: Time (s): cpu = 00:00:00 ; elapsed = 00:00:06 . Memory (MB): peak = 49.879 ; gain = 0.141
# webtalk_terminate
INFO: [Common 17-206] Exiting Webtalk at Wed Jun 19 15:07:01 2019...
